<?xml version="1.0" encoding="UTF-8"?>
<!-- Generated by org.testng.reporters.JUnitReportReporter -->
<testsuite hostname="DESKTOP-41VTHPF" failures="0" tests="1" name="com.simplilearn.appium.flipkart" time="116.737" errors="0" timestamp="2022-08-15T21:36:44 AST" skipped="0">
  <testcase classname="com.simplilearn.appium.flipkart" name="sampleTest" time="116.737"/>
  <system-out/>
</testsuite> <!-- com.simplilearn.appium.flipkart -->
